TN:
SF:contracts/HFUnwindResolver.sol
FN:14,StrategyResolver.updateHealthCheck
FNDA:0,StrategyResolver.updateHealthCheck
DA:15,0
FN:19,StrategyResolver.checkCondition
FNDA:0,StrategyResolver.checkCondition
DA:20,0
DA:21,0
DA:22,0
FN:25,StrategyResolver.checkBalanceAndReturnCalldata
FNDA:0,StrategyResolver.checkBalanceAndReturnCalldata
DA:26,0
BRDA:26,0,0,-
BRDA:26,0,1,-
DA:27,0
DA:28,0
DA:30,0
DA:31,0
DA:33,0
FN:36,StrategyResolver.checkAndReturnCalldata
FNDA:0,StrategyResolver.checkAndReturnCalldata
DA:37,0
BRDA:37,1,0,-
BRDA:37,1,1,-
DA:38,0
DA:39,0
DA:41,0
DA:42,0
DA:44,0
FNF:4
FNH:0
LF:16
LH:0
BRF:4
BRH:0
end_of_record
TN:
SF:contracts/LeverageStrategy.sol
FN:71,LeverageStrategy.initialize
FNDA:17,LeverageStrategy.initialize
DA:75,17
DA:76,17
DA:77,17
DA:78,17
DA:79,17
FN:82,LeverageStrategy.setTokenIndex
FNDA:17,LeverageStrategy.setTokenIndex
DA:83,17
FN:86,LeverageStrategy.strategyHealth
FNDA:1,LeverageStrategy.strategyHealth
DA:87,1
FN:94,LeverageStrategy.cancelDeposit
FNDA:4,LeverageStrategy.cancelDeposit
DA:96,4
DA:99,4
BRDA:99,0,0,2
BRDA:99,0,1,2
DA:100,2
DA:104,2
BRDA:104,1,0,1
BRDA:104,1,1,1
DA:105,1
DA:109,1
DA:112,1
DA:113,1
FN:117,LeverageStrategy.redeemWstEth
FNDA:4,LeverageStrategy.redeemWstEth
DA:123,4
DA:124,4
BRDA:124,2,0,-
BRDA:124,2,1,4
DA:125,0
DA:128,4
DA:129,4
DA:131,4
FN:134,LeverageStrategy._withdraw
FNDA:2,LeverageStrategy._withdraw
DA:141,2
FN:151,LeverageStrategy._withdraw
FNDA:4,LeverageStrategy._withdraw
DA:159,4
BRDA:159,3,0,2
BRDA:159,3,1,4
DA:160,2
DA:163,4
DA:166,4
DA:178,4
DA:179,4
DA:180,4
DA:181,4
DA:182,4
DA:184,4
DA:185,4
DA:187,4
FN:190,LeverageStrategy._removeCollateral
FNDA:4,LeverageStrategy._removeCollateral
DA:191,4
DA:192,4
DA:193,4
DA:194,4
DA:195,4
DA:196,4
FN:205,LeverageStrategy.depositAndInvest
FNDA:3,LeverageStrategy.depositAndInvest
DA:211,3
BRDA:211,4,0,1
BRDA:211,4,1,2
DA:212,1
DA:214,2
DA:216,2
DA:218,2
DA:219,2
DA:221,2
DA:223,2
DA:224,2
DA:225,2
FN:230,LeverageStrategy.invest
FNDA:18,LeverageStrategy.invest
DA:238,18
DA:239,18
DA:241,18
DA:244,18
DA:247,18
DA:251,17
DA:254,17
FN:260,LeverageStrategy.investFromKeeper
FNDA:2,LeverageStrategy.investFromKeeper
DA:262,2
DA:263,2
DA:265,2
DA:268,2
DA:270,2
DA:272,2
DA:276,2
DA:278,2
FN:283,LeverageStrategy.unwindPosition
FNDA:1,LeverageStrategy.unwindPosition
DA:284,1
FN:288,LeverageStrategy.unwindPositionFromKeeper
FNDA:1,LeverageStrategy.unwindPositionFromKeeper
DA:289,1
FN:296,LeverageStrategy._unwindPosition
FNDA:6,LeverageStrategy._unwindPosition
DA:297,6
DA:298,6
DA:300,6
DA:302,6
DA:303,6
DA:304,6
DA:305,6
DA:307,6
FN:310,LeverageStrategy._convertToPercentage
FNDA:4,LeverageStrategy._convertToPercentage
DA:311,4
FN:314,LeverageStrategy._convertToValue
FNDA:11,LeverageStrategy._convertToValue
DA:315,11
FN:320,LeverageStrategy.swapReward
FNDA:0,LeverageStrategy.swapReward
DA:327,0
DA:328,0
FN:333,LeverageStrategy._tokenToStake
FNDA:48,LeverageStrategy._tokenToStake
DA:334,48
FN:337,LeverageStrategy._invest
FNDA:22,LeverageStrategy._invest
DA:339,22
BRDA:339,5,0,1
BRDA:339,5,1,21
DA:340,1
DA:347,21
BRDA:347,6,0,12
BRDA:347,6,1,9
DA:348,12
DA:351,9
DA:353,21
DA:355,21
DA:357,21
FN:364,LeverageStrategy._mintShares
FNDA:24,LeverageStrategy._mintShares
DA:365,24
DA:367,24
BRDA:367,7,0,12
BRDA:367,7,1,12
DA:368,12
DA:370,12
DA:372,24
FN:383,LeverageStrategy._convertToShares
FNDA:12,LeverageStrategy._convertToShares
DA:388,12
FN:395,LeverageStrategy._recordDeposit
FNDA:25,LeverageStrategy._recordDeposit
DA:399,25
DA:400,25
DA:401,25
DA:402,25
DA:403,25
DA:404,25
FN:416,LeverageStrategy._deposit
FNDA:26,LeverageStrategy._deposit
DA:417,26
BRDA:417,8,0,1
BRDA:417,8,1,25
DA:418,1
DA:421,25
DA:422,25
DA:424,25
FN:430,LeverageStrategy._pullwstEth
FNDA:27,LeverageStrategy._pullwstEth
DA:432,27
DA:433,27
BRDA:433,9,0,-
BRDA:433,9,1,27
DA:434,0
FN:443,LeverageStrategy._computeAndRebalanceDepositRecords
FNDA:20,LeverageStrategy._computeAndRebalanceDepositRecords
DA:448,20
DA:450,20
DA:452,20
DA:455,20
DA:457,23
BRDA:457,10,0,-
BRDA:457,10,1,22
DA:459,22
DA:461,22
DA:463,22
DA:466,20
FN:472,LeverageStrategy._mintMultipleShares
FNDA:19,LeverageStrategy._mintMultipleShares
DA:476,42
DA:478,23
BRDA:478,11,0,22
BRDA:478,11,1,23
DA:479,22
DA:480,22
FN:488,LeverageStrategy._pushwstEth
FNDA:5,LeverageStrategy._pushwstEth
DA:490,5
DA:491,5
BRDA:491,12,0,-
BRDA:491,12,1,5
DA:492,0
FNF:27
FNH:26
LF:124
LH:119
BRF:26
BRH:22
end_of_record
TN:
SF:contracts/periphery/AuraUtils.sol
FN:26,AuraUtils._depositAllAura
FNDA:21,AuraUtils._depositAllAura
DA:27,21
BRDA:27,0,0,-
BRDA:27,0,1,21
DA:30,21
BRDA:30,1,0,-
BRDA:30,1,1,21
FN:33,AuraUtils._depositAura
FNDA:0,AuraUtils._depositAura
DA:34,0
BRDA:34,2,0,-
BRDA:34,2,1,-
DA:35,0
BRDA:35,3,0,-
BRDA:35,3,1,-
FN:38,AuraUtils._withdrawAllAura
FNDA:0,AuraUtils._withdrawAllAura
DA:39,0
FN:42,AuraUtils._withdrawAura
FNDA:0,AuraUtils._withdrawAura
DA:43,0
FN:46,AuraUtils._unstakeAndWithdrawAura
FNDA:6,AuraUtils._unstakeAndWithdrawAura
DA:47,6
FN:50,AuraUtils._unstakeAllAndWithdrawAura
FNDA:0,AuraUtils._unstakeAllAndWithdrawAura
DA:51,0
FNF:6
FNH:2
LF:8
LH:3
BRF:8
BRH:2
end_of_record
TN:
SF:contracts/periphery/BalancerUtils.sol
FN:38,BalancerUtils._joinPool
FNDA:21,BalancerUtils._joinPool
DA:39,21
DA:40,21
DA:43,21
DA:44,21
DA:47,21
BRDA:47,0,0,-
BRDA:47,0,1,21
DA:48,21
BRDA:48,1,0,-
BRDA:48,1,1,21
DA:50,21
DA:51,21
DA:53,21
DA:60,21
FN:63,BalancerUtils._exitPool
FNDA:6,BalancerUtils._exitPool
DA:64,6
DA:65,6
DA:66,6
DA:69,6
DA:70,6
DA:72,6
DA:79,6
FN:82,BalancerUtils._swapRewardBal
FNDA:0,BalancerUtils._swapRewardBal
DA:83,0
DA:85,0
DA:94,0
DA:101,0
FN:104,BalancerUtils._swapRewardAura
FNDA:0,BalancerUtils._swapRewardAura
DA:105,0
DA:107,0
DA:116,0
DA:123,0
FN:126,BalancerUtils._swapRewardToWstEth
FNDA:0,BalancerUtils._swapRewardToWstEth
DA:127,0
DA:129,0
DA:138,0
DA:145,0
FN:149,BalancerUtils._convertERC20sToAssets
FNDA:27,BalancerUtils._convertERC20sToAssets
DA:152,27
FNF:6
FNH:3
LF:30
LH:18
BRF:4
BRH:2
end_of_record
TN:
SF:contracts/periphery/CurveUtils.sol
FN:32,CurveUtils._depositAndCreateLoan
FNDA:12,CurveUtils._depositAndCreateLoan
DA:33,12
BRDA:33,0,0,-
BRDA:33,0,1,12
DA:37,12
BRDA:37,1,0,-
BRDA:37,1,1,12
DA:40,12
DA:42,12
FN:47,CurveUtils._addCollateral
FNDA:0,CurveUtils._addCollateral
DA:48,0
BRDA:48,2,0,-
BRDA:48,2,1,-
DA:50,0
BRDA:50,3,0,-
BRDA:50,3,1,-
DA:52,0
BRDA:52,4,0,-
BRDA:52,4,1,-
DA:54,0
DA:55,0
FN:62,CurveUtils._borrowMore
FNDA:9,CurveUtils._borrowMore
DA:63,9
BRDA:63,5,0,-
BRDA:63,5,1,9
DA:65,9
DA:67,9
FN:70,CurveUtils._repayCRVUSDLoan
FNDA:6,CurveUtils._repayCRVUSDLoan
DA:71,6
BRDA:71,6,0,-
BRDA:71,6,1,6
DA:72,6
FN:75,CurveUtils._exchangeCRVUSDtoUSDC
FNDA:21,CurveUtils._exchangeCRVUSDtoUSDC
DA:76,21
BRDA:76,7,0,-
BRDA:76,7,1,21
DA:78,21
DA:79,21
DA:80,21
DA:81,21
FN:84,CurveUtils._exchangeUSDCTocrvUSD
FNDA:6,CurveUtils._exchangeUSDCTocrvUSD
DA:85,6
BRDA:85,8,0,-
BRDA:85,8,1,6
DA:86,6
DA:87,6
DA:88,6
DA:89,6
FNF:6
FNH:5
LF:24
LH:19
BRF:18
BRH:6
end_of_record
TN:
SF:script/deploy.resolver.sol
FN:8,DeployResolver.setUp
FNDA:0,DeployResolver.setUp
FN:10,DeployResolver.run
FNDA:0,DeployResolver.run
DA:12,0
DA:13,0
DA:15,0
DA:16,0
DA:17,0
FNF:2
FNH:0
LF:5
LH:0
BRF:0
BRH:0
end_of_record
TN:
SF:script/deploy.s.sol
FN:8,Deploy.setUp
FNDA:0,Deploy.setUp
FN:10,Deploy.run
FNDA:0,Deploy.run
DA:12,0
DA:13,0
DA:15,0
DA:16,0
DA:17,0
DA:18,0
FNF:2
FNH:0
LF:6
LH:0
BRF:0
BRH:0
end_of_record
TN:
SF:test/utils/BaseLeverageStrategyTest.sol
FN:66,BaseLeverageStrategyTest._deployContracts
FNDA:0,BaseLeverageStrategyTest._deployContracts
DA:67,0
DA:69,0
DA:71,0
DA:72,0
DA:73,0
DA:74,0
DA:75,0
DA:77,0
DA:78,0
DA:79,0
DA:80,0
DA:81,0
DA:82,0
DA:83,0
DA:85,0
DA:86,0
FN:94,BaseLeverageStrategyTest._pushDebtToRepay
FNDA:0,BaseLeverageStrategyTest._pushDebtToRepay
DA:96,0
DA:97,0
DA:98,0
DA:99,0
FNF:2
FNH:0
LF:20
LH:0
BRF:0
BRH:0
end_of_record
TN:
SF:test/utils/BaseTest.sol
FN:12,BaseTest.expectRevert
FNDA:0,BaseTest.expectRevert
DA:13,0
FNF:1
FNH:0
LF:1
LH:0
BRF:0
BRH:0
end_of_record
